<?xml version="1.0" encoding="utf-8"?><testsuites name="pytest tests"><testsuite name="pytest" errors="0" failures="0" skipped="0" tests="147" time="105.564" timestamp="2026-05-21T20:06:56.709154+00:00" hostname="agent-env-7cad0ce0-cd0c-49e4-8fa5-5441f709cfff"><testcase classname="backend.tests.test_auth_and_translate" name="test_root" time="0.166" /><testcase classname="backend.tests.test_auth_and_translate" name="test_register_or_already_exists[user0]" time="0.073" /><testcase classname="backend.tests.test_auth_and_translate" name="test_register_or_already_exists[user1]" time="0.078" /><testcase classname="backend.tests.test_auth_and_translate" name="test_register_or_already_exists[user2]" time="0.072" /><testcase classname="backend.tests.test_auth_and_translate" name="test_register_or_already_exists[user3]" time="0.084" /><testcase classname="backend.tests.test_auth_and_translate" name="test_register_duplicate" time="0.078" /><testcase classname="backend.tests.test_auth_and_translate" name="test_register_invalid_email" time="0.070" /><testcase classname="backend.tests.test_auth_and_translate" name="test_login_success[user0]" time="0.294" /><testcase classname="backend.tests.test_auth_and_translate" name="test_login_success[user1]" time="0.298" /><testcase classname="backend.tests.test_auth_and_translate" name="test_login_success[user2]" time="0.294" /><testcase classname="backend.tests.test_auth_and_translate" name="test_login_success[user3]" time="0.296" /><testcase classname="backend.tests.test_auth_and_translate" name="test_login_invalid_password" time="0.299" /><testcase classname="backend.tests.test_auth_and_translate" name="test_login_nonexistent" time="0.077" /><testcase classname="backend.tests.test_auth_and_translate" name="test_me_with_bearer" time="0.458" /><testcase classname="backend.tests.test_auth_and_translate" name="test_me_no_auth" time="0.151" /><testcase classname="backend.tests.test_auth_and_translate" name="test_me_invalid_token" time="0.123" /><testcase classname="backend.tests.test_auth_and_translate" name="test_logout" time="0.121" /><testcase classname="backend.tests.test_auth_and_translate" name="test_translate_requires_auth" time="0.125" /><testcase classname="backend.tests.test_auth_and_translate" name="test_translate_success" time="3.849" /><testcase classname="backend.tests.test_auth_and_translate" name="test_google_session_invalid" time="0.316" /><testcase classname="backend.tests.test_phase2_profile_location_reviews" name="test_pharmacy_user_type_accepted" time="1.830" /><testcase classname="backend.tests.test_phase2_profile_location_reviews" name="test_auth_me_still_works" time="0.150" /><testcase classname="backend.tests.test_phase2_profile_location_reviews" name="test_get_profile" time="0.127" /><testcase classname="backend.tests.test_phase2_profile_location_reviews" name="test_update_profile_doctor" time="0.274" /><testcase classname="backend.tests.test_phase2_profile_location_reviews" name="test_update_profile_patient" time="0.130" /><testcase classname="backend.tests.test_phase2_profile_location_reviews" name="test_update_profile_pharmacy" time="0.138" /><testcase classname="backend.tests.test_phase2_profile_location_reviews" name="test_update_profile_engineer" time="0.143" /><testcase classname="backend.tests.test_phase2_profile_location_reviews" name="test_get_public_profile_excludes_email" time="0.123" /><testcase classname="backend.tests.test_phase2_profile_location_reviews" name="test_get_public_profile_not_found" time="0.124" /><testcase classname="backend.tests.test_phase2_profile_location_reviews" name="test_profile_requires_auth" time="0.112" /><testcase classname="backend.tests.test_phase2_profile_location_reviews" name="test_update_locations" time="0.512" /><testcase classname="backend.tests.test_phase2_profile_location_reviews" name="test_get_my_location" time="0.131" /><testcase classname="backend.tests.test_phase2_profile_location_reviews" name="test_nearby_doctors" time="0.130" /><testcase classname="backend.tests.test_phase2_profile_location_reviews" name="test_nearby_pharmacy" time="0.133" /><testcase classname="backend.tests.test_phase2_profile_location_reviews" name="test_nearby_zero_radius_filters_out" time="0.119" /><testcase classname="backend.tests.test_phase2_profile_location_reviews" name="test_create_review_patient_to_doctor" time="0.124" /><testcase classname="backend.tests.test_phase2_profile_location_reviews" name="test_create_review_patient_to_pharmacy" time="0.122" /><testcase classname="backend.tests.test_phase2_profile_location_reviews" name="test_create_review_doctor_to_engineer" time="0.125" /><testcase classname="backend.tests.test_phase2_profile_location_reviews" name="test_create_review_pharmacy_to_engineer" time="0.124" /><testcase classname="backend.tests.test_phase2_profile_location_reviews" name="test_review_forbidden_doctor_to_patient" time="0.125" /><testcase classname="backend.tests.test_phase2_profile_location_reviews" name="test_review_forbidden_patient_to_engineer" time="0.135" /><testcase classname="backend.tests.test_phase2_profile_location_reviews" name="test_review_forbidden_engineer_to_anyone" time="0.123" /><testcase classname="backend.tests.test_phase2_profile_location_reviews" name="test_review_cannot_review_self" time="0.124" /><testcase classname="backend.tests.test_phase2_profile_location_reviews" name="test_review_invalid_rating_low" time="0.126" /><testcase classname="backend.tests.test_phase2_profile_location_reviews" name="test_review_invalid_rating_high" time="0.149" /><testcase classname="backend.tests.test_phase2_profile_location_reviews" name="test_review_reviewee_not_found" time="0.128" /><testcase classname="backend.tests.test_phase2_profile_location_reviews" name="test_get_user_reviews_aggregates" time="0.103" /><testcase classname="backend.tests.test_phase2_profile_location_reviews" name="test_get_my_reviews" time="0.139" /><testcase classname="backend.tests.test_phase2_profile_location_reviews" name="test_delete_review_forbidden_for_non_author" time="0.121" /><testcase classname="backend.tests.test_phase2_profile_location_reviews" name="test_delete_review_by_author" time="0.280" /><testcase classname="backend.tests.test_phase2_profile_location_reviews" name="test_delete_review_not_found" time="0.137" /><testcase classname="backend.tests.test_phase2_profile_location_reviews" name="test_reviews_require_auth" time="0.127" /><testcase classname="backend.tests.test_phase3_appointments_medicines_chat_subs_video.TestAppointments" name="test_patient_books_appointment" time="2.081" /><testcase classname="backend.tests.test_phase3_appointments_medicines_chat_subs_video.TestAppointments" name="test_non_patient_cannot_book" time="0.150" /><testcase classname="backend.tests.test_phase3_appointments_medicines_chat_subs_video.TestAppointments" name="test_book_with_unknown_doctor" time="0.153" /><testcase classname="backend.tests.test_phase3_appointments_medicines_chat_subs_video.TestAppointments" name="test_list_my_appointments_patient" time="0.143" /><testcase classname="backend.tests.test_phase3_appointments_medicines_chat_subs_video.TestAppointments" name="test_list_my_appointments_doctor_view" time="0.123" /><testcase classname="backend.tests.test_phase3_appointments_medicines_chat_subs_video.TestAppointments" name="test_doctor_confirms_appointment" time="0.124" /><testcase classname="backend.tests.test_phase3_appointments_medicines_chat_subs_video.TestAppointments" name="test_outsider_cannot_update_appointment" time="0.120" /><testcase classname="backend.tests.test_phase3_appointments_medicines_chat_subs_video.TestAppointments" name="test_booked_slots_includes_pending_confirmed" time="0.118" /><testcase classname="backend.tests.test_phase3_appointments_medicines_chat_subs_video.TestAppointments" name="test_patient_cancels_then_slot_removed" time="0.288" /><testcase classname="backend.tests.test_phase3_appointments_medicines_chat_subs_video.TestAppointments" name="test_update_unknown_appointment_404" time="0.128" /><testcase classname="backend.tests.test_phase3_appointments_medicines_chat_subs_video.TestMedicines" name="test_pharmacy_creates_medicine" time="0.168" /><testcase classname="backend.tests.test_phase3_appointments_medicines_chat_subs_video.TestMedicines" name="test_non_pharmacy_cannot_create" time="0.121" /><testcase classname="backend.tests.test_phase3_appointments_medicines_chat_subs_video.TestMedicines" name="test_search_medicines_public_no_auth" time="0.117" /><testcase classname="backend.tests.test_phase3_appointments_medicines_chat_subs_video.TestMedicines" name="test_search_by_category" time="0.137" /><testcase classname="backend.tests.test_phase3_appointments_medicines_chat_subs_video.TestMedicines" name="test_search_by_pharmacy_id" time="0.115" /><testcase classname="backend.tests.test_phase3_appointments_medicines_chat_subs_video.TestMedicines" name="test_pharmacy_updates_own_medicine" time="0.282" /><testcase classname="backend.tests.test_phase3_appointments_medicines_chat_subs_video.TestMedicines" name="test_non_owner_cannot_update" time="0.840" /><testcase classname="backend.tests.test_phase3_appointments_medicines_chat_subs_video.TestMedicines" name="test_update_unknown_medicine_404" time="0.137" /><testcase classname="backend.tests.test_phase3_appointments_medicines_chat_subs_video.TestMedicines" name="test_pharmacy_deletes_own_medicine" time="0.240" /><testcase classname="backend.tests.test_phase3_appointments_medicines_chat_subs_video.TestAIChat" name="test_start_symptom_chat" time="0.136" /><testcase classname="backend.tests.test_phase3_appointments_medicines_chat_subs_video.TestAIChat" name="test_start_invalid_chat_type" time="0.144" /><testcase classname="backend.tests.test_phase3_appointments_medicines_chat_subs_video.TestAIChat" name="test_start_device_fault_chat" time="0.122" /><testcase classname="backend.tests.test_phase3_appointments_medicines_chat_subs_video.TestAIChat" name="test_send_message_gemini" time="8.483" /><testcase classname="backend.tests.test_phase3_appointments_medicines_chat_subs_video.TestAIChat" name="test_send_to_others_session_forbidden" time="0.217" /><testcase classname="backend.tests.test_phase3_appointments_medicines_chat_subs_video.TestAIChat" name="test_send_to_unknown_session_404" time="0.120" /><testcase classname="backend.tests.test_phase3_appointments_medicines_chat_subs_video.TestAIChat" name="test_message_too_long_400" time="0.123" /><testcase classname="backend.tests.test_phase3_appointments_medicines_chat_subs_video.TestAIChat" name="test_list_my_chats" time="0.131" /><testcase classname="backend.tests.test_phase3_appointments_medicines_chat_subs_video.TestAIChat" name="test_get_full_chat" time="0.125" /><testcase classname="backend.tests.test_phase3_appointments_medicines_chat_subs_video.TestAIChat" name="test_get_others_chat_forbidden" time="0.138" /><testcase classname="backend.tests.test_phase3_appointments_medicines_chat_subs_video.TestSubscriptions" name="test_get_plans_public" time="0.124" /><testcase classname="backend.tests.test_phase3_appointments_medicines_chat_subs_video.TestSubscriptions" name="test_patient_cannot_subscribe" time="0.134" /><testcase classname="backend.tests.test_phase3_appointments_medicines_chat_subs_video.TestSubscriptions" name="test_invalid_plan_400" time="0.126" /><testcase classname="backend.tests.test_phase3_appointments_medicines_chat_subs_video.TestSubscriptions" name="test_pharmacy_subscribes_and_gets_badges" time="0.298" /><testcase classname="backend.tests.test_phase3_appointments_medicines_chat_subs_video.TestSubscriptions" name="test_my_subscription" time="0.124" /><testcase classname="backend.tests.test_phase3_appointments_medicines_chat_subs_video.TestSubscriptions" name="test_default_card_last4" time="0.137" /><testcase classname="backend.tests.test_phase3_appointments_medicines_chat_subs_video.TestSubscriptions" name="test_cancel_removes_badges" time="0.394" /><testcase classname="backend.tests.test_phase3_appointments_medicines_chat_subs_video.TestVideoRooms" name="test_doctor_creates_room" time="0.127" /><testcase classname="backend.tests.test_phase3_appointments_medicines_chat_subs_video.TestVideoRooms" name="test_patient_joins_room" time="0.126" /><testcase classname="backend.tests.test_phase3_appointments_medicines_chat_subs_video.TestVideoRooms" name="test_signal_exchange" time="0.712" /><testcase classname="backend.tests.test_phase3_appointments_medicines_chat_subs_video.TestVideoRooms" name="test_non_participant_cannot_signal" time="0.118" /><testcase classname="backend.tests.test_phase3_appointments_medicines_chat_subs_video.TestVideoRooms" name="test_non_host_cannot_close" time="0.130" /><testcase classname="backend.tests.test_phase3_appointments_medicines_chat_subs_video.TestVideoRooms" name="test_host_closes_room" time="0.292" /><testcase classname="backend.tests.test_phase3_appointments_medicines_chat_subs_video.TestVideoRooms" name="test_room_linked_to_appointment" time="0.398" /><testcase classname="backend.tests.test_phase3_appointments_medicines_chat_subs_video.TestVideoRooms" name="test_unknown_room_404" time="0.131" /><testcase classname="backend.tests.test_phase3_appointments_medicines_chat_subs_video.TestPharmaciesAll" name="test_list_all_pharmacies" time="0.249" /><testcase classname="backend.tests.test_phase3_appointments_medicines_chat_subs_video.TestPharmaciesAll" name="test_only_featured_filter" time="0.388" /><testcase classname="backend.tests.test_phase3_appointments_medicines_chat_subs_video.TestPharmaciesAll" name="test_only_24_7_filter" time="0.522" /><testcase classname="backend.tests.test_phase4_files_schedule_orders_notif_commission.TestFileUpload" name="test_upload_profile_picture" time="2.222" /><testcase classname="backend.tests.test_phase4_files_schedule_orders_notif_commission.TestFileUpload" name="test_profile_picture_set_on_user" time="0.153" /><testcase classname="backend.tests.test_phase4_files_schedule_orders_notif_commission.TestFileUpload" name="test_upload_prescription" time="0.223" /><testcase classname="backend.tests.test_phase4_files_schedule_orders_notif_commission.TestFileUpload" name="test_upload_rejects_unsupported_type" time="0.141" /><testcase classname="backend.tests.test_phase4_files_schedule_orders_notif_commission.TestFileUpload" name="test_upload_requires_auth" time="0.117" /><testcase classname="backend.tests.test_phase4_files_schedule_orders_notif_commission.TestFileUpload" name="test_download_with_bearer_header" time="0.227" /><testcase classname="backend.tests.test_phase4_files_schedule_orders_notif_commission.TestFileUpload" name="test_download_with_query_auth_param" time="0.215" /><testcase classname="backend.tests.test_phase4_files_schedule_orders_notif_commission.TestFileUpload" name="test_download_without_auth_rejected" time="0.127" /><testcase classname="backend.tests.test_phase4_files_schedule_orders_notif_commission.TestFileUpload" name="test_download_invalid_token_rejected" time="0.128" /><testcase classname="backend.tests.test_phase4_files_schedule_orders_notif_commission.TestFileUpload" name="test_download_nonexistent_file_returns_404" time="0.124" /><testcase classname="backend.tests.test_phase4_files_schedule_orders_notif_commission.TestFileUpload" name="test_delete_non_owner_forbidden" time="20.160" /><testcase classname="backend.tests.test_phase4_files_schedule_orders_notif_commission.TestFileUpload" name="test_delete_by_owner_soft_deletes" time="36.879" /><testcase classname="backend.tests.test_phase4_files_schedule_orders_notif_commission.TestSchedule" name="test_doctor_sets_weekly_schedule" time="0.153" /><testcase classname="backend.tests.test_phase4_files_schedule_orders_notif_commission.TestSchedule" name="test_get_my_schedule" time="0.116" /><testcase classname="backend.tests.test_phase4_files_schedule_orders_notif_commission.TestSchedule" name="test_get_public_schedule_by_doctor_id" time="0.129" /><testcase classname="backend.tests.test_phase4_files_schedule_orders_notif_commission.TestSchedule" name="test_non_doctor_cannot_set_schedule" time="0.134" /><testcase classname="backend.tests.test_phase4_files_schedule_orders_notif_commission.TestSchedule" name="test_get_schedule_for_nonexistent_doctor_returns_empty" time="0.143" /><testcase classname="backend.tests.test_phase4_files_schedule_orders_notif_commission.TestSchedule" name="test_update_schedule_overwrites" time="0.248" /><testcase classname="backend.tests.test_phase4_files_schedule_orders_notif_commission.TestOrders" name="test_setup_create_medicine" time="5.442" /><testcase classname="backend.tests.test_phase4_files_schedule_orders_notif_commission.TestOrders" name="test_patient_creates_order_with_commission" time="0.119" /><testcase classname="backend.tests.test_phase4_files_schedule_orders_notif_commission.TestOrders" name="test_stock_decremented_after_order" time="0.143" /><testcase classname="backend.tests.test_phase4_files_schedule_orders_notif_commission.TestOrders" name="test_order_without_required_prescription_fails" time="0.116" /><testcase classname="backend.tests.test_phase4_files_schedule_orders_notif_commission.TestOrders" name="test_order_with_valid_prescription_succeeds" time="0.144" /><testcase classname="backend.tests.test_phase4_files_schedule_orders_notif_commission.TestOrders" name="test_order_with_someone_elses_prescription_fails" time="0.411" /><testcase classname="backend.tests.test_phase4_files_schedule_orders_notif_commission.TestOrders" name="test_order_insufficient_stock_fails" time="0.140" /><testcase classname="backend.tests.test_phase4_files_schedule_orders_notif_commission.TestOrders" name="test_non_patient_cannot_order" time="0.149" /><testcase classname="backend.tests.test_phase4_files_schedule_orders_notif_commission.TestOrders" name="test_list_orders_as_patient" time="0.149" /><testcase classname="backend.tests.test_phase4_files_schedule_orders_notif_commission.TestOrders" name="test_list_orders_as_pharmacy" time="0.136" /><testcase classname="backend.tests.test_phase4_files_schedule_orders_notif_commission.TestOrders" name="test_pharmacy_confirms_order" time="0.153" /><testcase classname="backend.tests.test_phase4_files_schedule_orders_notif_commission.TestOrders" name="test_pharmacy_ships_then_delivers" time="0.273" /><testcase classname="backend.tests.test_phase4_files_schedule_orders_notif_commission.TestOrders" name="test_patient_can_only_cancel_not_confirm" time="0.240" /><testcase classname="backend.tests.test_phase4_files_schedule_orders_notif_commission.TestOrders" name="test_patient_cancels_order" time="0.140" /><testcase classname="backend.tests.test_phase4_files_schedule_orders_notif_commission.TestOrders" name="test_unrelated_user_cannot_update_order" time="0.115" /><testcase classname="backend.tests.test_phase4_files_schedule_orders_notif_commission.TestNotifications" name="test_pharmacy_received_new_order_notification" time="0.162" /><testcase classname="backend.tests.test_phase4_files_schedule_orders_notif_commission.TestNotifications" name="test_only_unread_filter" time="0.125" /><testcase classname="backend.tests.test_phase4_files_schedule_orders_notif_commission.TestNotifications" name="test_since_filter" time="0.135" /><testcase classname="backend.tests.test_phase4_files_schedule_orders_notif_commission.TestNotifications" name="test_patient_got_order_update_notifications" time="0.127" /><testcase classname="backend.tests.test_phase4_files_schedule_orders_notif_commission.TestNotifications" name="test_mark_single_read" time="0.278" /><testcase classname="backend.tests.test_phase4_files_schedule_orders_notif_commission.TestNotifications" name="test_mark_read_nonexistent" time="0.130" /><testcase classname="backend.tests.test_phase4_files_schedule_orders_notif_commission.TestNotifications" name="test_mark_all_read" time="0.254" /><testcase classname="backend.tests.test_phase4_files_schedule_orders_notif_commission.TestNotifications" name="test_user_only_sees_own_notifications" time="0.123" /><testcase classname="backend.tests.test_phase4_files_schedule_orders_notif_commission.TestCommissionSummary" name="test_pharmacy_commission_summary" time="0.151" /><testcase classname="backend.tests.test_phase4_files_schedule_orders_notif_commission.TestCommissionSummary" name="test_cancelled_orders_excluded_from_gmv" time="0.147" /><testcase classname="backend.tests.test_phase4_files_schedule_orders_notif_commission.TestCommissionSummary" name="test_doctor_commission_summary" time="0.122" /><testcase classname="backend.tests.test_phase4_files_schedule_orders_notif_commission.TestCommissionSummary" name="test_engineer_commission_returns_zero" time="0.121" /><testcase classname="backend.tests.test_phase4_files_schedule_orders_notif_commission.TestCommissionSummary" name="test_patient_cannot_view_commission" time="0.127" /><testcase classname="backend.tests.test_phase4_files_schedule_orders_notif_commission.TestRegression" name="test_auth_me" time="0.118" /><testcase classname="backend.tests.test_phase4_files_schedule_orders_notif_commission.TestRegression" name="test_medicines_listing" time="0.137" /></testsuite></testsuites>