<?xml version="1.0" encoding="utf-8"?><testsuites name="pytest tests"><testsuite name="pytest" errors="0" failures="0" skipped="0" tests="99" time="65.803" timestamp="2026-05-21T19:47:50.305842+00:00" hostname="agent-env-7cad0ce0-cd0c-49e4-8fa5-5441f709cfff"><testcase classname="backend.tests.test_auth_and_translate" name="test_root" time="0.179" /><testcase classname="backend.tests.test_auth_and_translate" name="test_register_or_already_exists[user0]" time="0.075" /><testcase classname="backend.tests.test_auth_and_translate" name="test_register_or_already_exists[user1]" time="0.086" /><testcase classname="backend.tests.test_auth_and_translate" name="test_register_or_already_exists[user2]" time="0.087" /><testcase classname="backend.tests.test_auth_and_translate" name="test_register_or_already_exists[user3]" time="0.076" /><testcase classname="backend.tests.test_auth_and_translate" name="test_register_duplicate" time="0.085" /><testcase classname="backend.tests.test_auth_and_translate" name="test_register_invalid_email" time="0.074" /><testcase classname="backend.tests.test_auth_and_translate" name="test_login_success[user0]" time="0.305" /><testcase classname="backend.tests.test_auth_and_translate" name="test_login_success[user1]" time="0.296" /><testcase classname="backend.tests.test_auth_and_translate" name="test_login_success[user2]" time="0.294" /><testcase classname="backend.tests.test_auth_and_translate" name="test_login_success[user3]" time="0.293" /><testcase classname="backend.tests.test_auth_and_translate" name="test_login_invalid_password" time="0.294" /><testcase classname="backend.tests.test_auth_and_translate" name="test_login_nonexistent" time="0.075" /><testcase classname="backend.tests.test_auth_and_translate" name="test_me_with_bearer" time="0.457" /><testcase classname="backend.tests.test_auth_and_translate" name="test_me_no_auth" time="0.108" /><testcase classname="backend.tests.test_auth_and_translate" name="test_me_invalid_token" time="0.139" /><testcase classname="backend.tests.test_auth_and_translate" name="test_logout" time="0.129" /><testcase classname="backend.tests.test_auth_and_translate" name="test_translate_requires_auth" time="0.127" /><testcase classname="backend.tests.test_auth_and_translate" name="test_translate_success" time="36.524" /><testcase classname="backend.tests.test_auth_and_translate" name="test_google_session_invalid" time="0.514" /><testcase classname="backend.tests.test_phase2_profile_location_reviews" name="test_pharmacy_user_type_accepted" time="1.958" /><testcase classname="backend.tests.test_phase2_profile_location_reviews" name="test_auth_me_still_works" time="0.119" /><testcase classname="backend.tests.test_phase2_profile_location_reviews" name="test_get_profile" time="0.133" /><testcase classname="backend.tests.test_phase2_profile_location_reviews" name="test_update_profile_doctor" time="0.278" /><testcase classname="backend.tests.test_phase2_profile_location_reviews" name="test_update_profile_patient" time="0.168" /><testcase classname="backend.tests.test_phase2_profile_location_reviews" name="test_update_profile_pharmacy" time="0.152" /><testcase classname="backend.tests.test_phase2_profile_location_reviews" name="test_update_profile_engineer" time="0.216" /><testcase classname="backend.tests.test_phase2_profile_location_reviews" name="test_get_public_profile_excludes_email" time="0.212" /><testcase classname="backend.tests.test_phase2_profile_location_reviews" name="test_get_public_profile_not_found" time="0.131" /><testcase classname="backend.tests.test_phase2_profile_location_reviews" name="test_profile_requires_auth" time="0.130" /><testcase classname="backend.tests.test_phase2_profile_location_reviews" name="test_update_locations" time="0.515" /><testcase classname="backend.tests.test_phase2_profile_location_reviews" name="test_get_my_location" time="0.139" /><testcase classname="backend.tests.test_phase2_profile_location_reviews" name="test_nearby_doctors" time="0.151" /><testcase classname="backend.tests.test_phase2_profile_location_reviews" name="test_nearby_pharmacy" time="0.127" /><testcase classname="backend.tests.test_phase2_profile_location_reviews" name="test_nearby_zero_radius_filters_out" time="0.145" /><testcase classname="backend.tests.test_phase2_profile_location_reviews" name="test_create_review_patient_to_doctor" time="0.169" /><testcase classname="backend.tests.test_phase2_profile_location_reviews" name="test_create_review_patient_to_pharmacy" time="0.125" /><testcase classname="backend.tests.test_phase2_profile_location_reviews" name="test_create_review_doctor_to_engineer" time="0.123" /><testcase classname="backend.tests.test_phase2_profile_location_reviews" name="test_create_review_pharmacy_to_engineer" time="0.100" /><testcase classname="backend.tests.test_phase2_profile_location_reviews" name="test_review_forbidden_doctor_to_patient" time="0.105" /><testcase classname="backend.tests.test_phase2_profile_location_reviews" name="test_review_forbidden_patient_to_engineer" time="0.426" /><testcase classname="backend.tests.test_phase2_profile_location_reviews" name="test_review_forbidden_engineer_to_anyone" time="0.130" /><testcase classname="backend.tests.test_phase2_profile_location_reviews" name="test_review_cannot_review_self" time="0.132" /><testcase classname="backend.tests.test_phase2_profile_location_reviews" name="test_review_invalid_rating_low" time="0.157" /><testcase classname="backend.tests.test_phase2_profile_location_reviews" name="test_review_invalid_rating_high" time="0.205" /><testcase classname="backend.tests.test_phase2_profile_location_reviews" name="test_review_reviewee_not_found" time="0.132" /><testcase classname="backend.tests.test_phase2_profile_location_reviews" name="test_get_user_reviews_aggregates" time="0.121" /><testcase classname="backend.tests.test_phase2_profile_location_reviews" name="test_get_my_reviews" time="0.115" /><testcase classname="backend.tests.test_phase2_profile_location_reviews" name="test_delete_review_forbidden_for_non_author" time="0.127" /><testcase classname="backend.tests.test_phase2_profile_location_reviews" name="test_delete_review_by_author" time="0.265" /><testcase classname="backend.tests.test_phase2_profile_location_reviews" name="test_delete_review_not_found" time="0.132" /><testcase classname="backend.tests.test_phase2_profile_location_reviews" name="test_reviews_require_auth" time="0.117" /><testcase classname="backend.tests.test_phase3_appointments_medicines_chat_subs_video.TestAppointments" name="test_patient_books_appointment" time="2.035" /><testcase classname="backend.tests.test_phase3_appointments_medicines_chat_subs_video.TestAppointments" name="test_non_patient_cannot_book" time="0.124" /><testcase classname="backend.tests.test_phase3_appointments_medicines_chat_subs_video.TestAppointments" name="test_book_with_unknown_doctor" time="0.116" /><testcase classname="backend.tests.test_phase3_appointments_medicines_chat_subs_video.TestAppointments" name="test_list_my_appointments_patient" time="0.136" /><testcase classname="backend.tests.test_phase3_appointments_medicines_chat_subs_video.TestAppointments" name="test_list_my_appointments_doctor_view" time="0.158" /><testcase classname="backend.tests.test_phase3_appointments_medicines_chat_subs_video.TestAppointments" name="test_doctor_confirms_appointment" time="0.133" /><testcase classname="backend.tests.test_phase3_appointments_medicines_chat_subs_video.TestAppointments" name="test_outsider_cannot_update_appointment" time="0.129" /><testcase classname="backend.tests.test_phase3_appointments_medicines_chat_subs_video.TestAppointments" name="test_booked_slots_includes_pending_confirmed" time="0.118" /><testcase classname="backend.tests.test_phase3_appointments_medicines_chat_subs_video.TestAppointments" name="test_patient_cancels_then_slot_removed" time="0.250" /><testcase classname="backend.tests.test_phase3_appointments_medicines_chat_subs_video.TestAppointments" name="test_update_unknown_appointment_404" time="0.129" /><testcase classname="backend.tests.test_phase3_appointments_medicines_chat_subs_video.TestMedicines" name="test_pharmacy_creates_medicine" time="0.124" /><testcase classname="backend.tests.test_phase3_appointments_medicines_chat_subs_video.TestMedicines" name="test_non_pharmacy_cannot_create" time="0.104" /><testcase classname="backend.tests.test_phase3_appointments_medicines_chat_subs_video.TestMedicines" name="test_search_medicines_public_no_auth" time="0.142" /><testcase classname="backend.tests.test_phase3_appointments_medicines_chat_subs_video.TestMedicines" name="test_search_by_category" time="0.220" /><testcase classname="backend.tests.test_phase3_appointments_medicines_chat_subs_video.TestMedicines" name="test_search_by_pharmacy_id" time="0.137" /><testcase classname="backend.tests.test_phase3_appointments_medicines_chat_subs_video.TestMedicines" name="test_pharmacy_updates_own_medicine" time="0.238" /><testcase classname="backend.tests.test_phase3_appointments_medicines_chat_subs_video.TestMedicines" name="test_non_owner_cannot_update" time="0.831" /><testcase classname="backend.tests.test_phase3_appointments_medicines_chat_subs_video.TestMedicines" name="test_update_unknown_medicine_404" time="0.132" /><testcase classname="backend.tests.test_phase3_appointments_medicines_chat_subs_video.TestMedicines" name="test_pharmacy_deletes_own_medicine" time="0.259" /><testcase classname="backend.tests.test_phase3_appointments_medicines_chat_subs_video.TestAIChat" name="test_start_symptom_chat" time="0.129" /><testcase classname="backend.tests.test_phase3_appointments_medicines_chat_subs_video.TestAIChat" name="test_start_invalid_chat_type" time="0.124" /><testcase classname="backend.tests.test_phase3_appointments_medicines_chat_subs_video.TestAIChat" name="test_start_device_fault_chat" time="0.120" /><testcase classname="backend.tests.test_phase3_appointments_medicines_chat_subs_video.TestAIChat" name="test_send_message_gemini" time="7.136" /><testcase classname="backend.tests.test_phase3_appointments_medicines_chat_subs_video.TestAIChat" name="test_send_to_others_session_forbidden" time="0.168" /><testcase classname="backend.tests.test_phase3_appointments_medicines_chat_subs_video.TestAIChat" name="test_send_to_unknown_session_404" time="0.106" /><testcase classname="backend.tests.test_phase3_appointments_medicines_chat_subs_video.TestAIChat" name="test_message_too_long_400" time="0.134" /><testcase classname="backend.tests.test_phase3_appointments_medicines_chat_subs_video.TestAIChat" name="test_list_my_chats" time="0.123" /><testcase classname="backend.tests.test_phase3_appointments_medicines_chat_subs_video.TestAIChat" name="test_get_full_chat" time="0.102" /><testcase classname="backend.tests.test_phase3_appointments_medicines_chat_subs_video.TestAIChat" name="test_get_others_chat_forbidden" time="0.105" /><testcase classname="backend.tests.test_phase3_appointments_medicines_chat_subs_video.TestSubscriptions" name="test_get_plans_public" time="0.121" /><testcase classname="backend.tests.test_phase3_appointments_medicines_chat_subs_video.TestSubscriptions" name="test_patient_cannot_subscribe" time="0.129" /><testcase classname="backend.tests.test_phase3_appointments_medicines_chat_subs_video.TestSubscriptions" name="test_invalid_plan_400" time="0.134" /><testcase classname="backend.tests.test_phase3_appointments_medicines_chat_subs_video.TestSubscriptions" name="test_pharmacy_subscribes_and_gets_badges" time="0.252" /><testcase classname="backend.tests.test_phase3_appointments_medicines_chat_subs_video.TestSubscriptions" name="test_my_subscription" time="0.133" /><testcase classname="backend.tests.test_phase3_appointments_medicines_chat_subs_video.TestSubscriptions" name="test_default_card_last4" time="0.122" /><testcase classname="backend.tests.test_phase3_appointments_medicines_chat_subs_video.TestSubscriptions" name="test_cancel_removes_badges" time="0.379" /><testcase classname="backend.tests.test_phase3_appointments_medicines_chat_subs_video.TestVideoRooms" name="test_doctor_creates_room" time="0.130" /><testcase classname="backend.tests.test_phase3_appointments_medicines_chat_subs_video.TestVideoRooms" name="test_patient_joins_room" time="0.148" /><testcase classname="backend.tests.test_phase3_appointments_medicines_chat_subs_video.TestVideoRooms" name="test_signal_exchange" time="0.715" /><testcase classname="backend.tests.test_phase3_appointments_medicines_chat_subs_video.TestVideoRooms" name="test_non_participant_cannot_signal" time="0.128" /><testcase classname="backend.tests.test_phase3_appointments_medicines_chat_subs_video.TestVideoRooms" name="test_non_host_cannot_close" time="0.153" /><testcase classname="backend.tests.test_phase3_appointments_medicines_chat_subs_video.TestVideoRooms" name="test_host_closes_room" time="0.255" /><testcase classname="backend.tests.test_phase3_appointments_medicines_chat_subs_video.TestVideoRooms" name="test_room_linked_to_appointment" time="0.365" /><testcase classname="backend.tests.test_phase3_appointments_medicines_chat_subs_video.TestVideoRooms" name="test_unknown_room_404" time="0.131" /><testcase classname="backend.tests.test_phase3_appointments_medicines_chat_subs_video.TestPharmaciesAll" name="test_list_all_pharmacies" time="0.267" /><testcase classname="backend.tests.test_phase3_appointments_medicines_chat_subs_video.TestPharmaciesAll" name="test_only_featured_filter" time="0.357" /><testcase classname="backend.tests.test_phase3_appointments_medicines_chat_subs_video.TestPharmaciesAll" name="test_only_24_7_filter" time="0.528" /></testsuite></testsuites>