<?xml version="1.0" encoding="utf-8"?><testsuites name="pytest tests"><testsuite name="pytest" errors="0" failures="0" skipped="0" tests="23" time="9.927" timestamp="2026-05-21T20:21:56.267057+00:00" hostname="agent-env-7cad0ce0-cd0c-49e4-8fa5-5441f709cfff"><testcase classname="backend.tests.test_phase5_atomic_orders_doctor_fee_monthly_reports.TestAtomicStockOrders" name="test_insufficient_stock_returns_400" time="2.778" /><testcase classname="backend.tests.test_phase5_atomic_orders_doctor_fee_monthly_reports.TestAtomicStockOrders" name="test_atomic_decrement_single_order" time="0.397" /><testcase classname="backend.tests.test_phase5_atomic_orders_doctor_fee_monthly_reports.TestAtomicStockOrders" name="test_concurrent_orders_only_one_succeeds_on_last_unit" time="0.425" /><testcase classname="backend.tests.test_phase5_atomic_orders_doctor_fee_monthly_reports.TestStockRestoreOnCancel" name="test_cancel_restores_stock" time="0.669" /><testcase classname="backend.tests.test_phase5_atomic_orders_doctor_fee_monthly_reports.TestStockRestoreOnCancel" name="test_pharmacy_cancel_also_restores_stock" time="0.568" /><testcase classname="backend.tests.test_phase5_atomic_orders_doctor_fee_monthly_reports.TestOrderStatusGuards" name="test_patient_cannot_cancel_confirmed_order" time="0.595" /><testcase classname="backend.tests.test_phase5_atomic_orders_doctor_fee_monthly_reports.TestOrderStatusGuards" name="test_cannot_update_cancelled_order" time="0.534" /><testcase classname="backend.tests.test_phase5_atomic_orders_doctor_fee_monthly_reports.TestOrderStatusGuards" name="test_cannot_update_delivered_order" time="0.983" /><testcase classname="backend.tests.test_phase5_atomic_orders_doctor_fee_monthly_reports.TestDoctorConsultationFee" name="test_set_consultation_fee_via_profile" time="0.133" /><testcase classname="backend.tests.test_phase5_atomic_orders_doctor_fee_monthly_reports.TestDoctorConsultationFee" name="test_commission_summary_uses_custom_fee" time="0.262" /><testcase classname="backend.tests.test_phase5_atomic_orders_doctor_fee_monthly_reports.TestDoctorConsultationFee" name="test_default_fee_when_unset" time="0.271" /><testcase classname="backend.tests.test_phase5_atomic_orders_doctor_fee_monthly_reports.TestMonthlyReports" name="test_default_previous_month_pharmacy" time="0.110" /><testcase classname="backend.tests.test_phase5_atomic_orders_doctor_fee_monthly_reports.TestMonthlyReports" name="test_default_previous_month_doctor" time="0.129" /><testcase classname="backend.tests.test_phase5_atomic_orders_doctor_fee_monthly_reports.TestMonthlyReports" name="test_default_previous_month_engineer" time="0.115" /><testcase classname="backend.tests.test_phase5_atomic_orders_doctor_fee_monthly_reports.TestMonthlyReports" name="test_specific_year_month" time="0.103" /><testcase classname="backend.tests.test_phase5_atomic_orders_doctor_fee_monthly_reports.TestMonthlyReports" name="test_invalid_month" time="0.109" /><testcase classname="backend.tests.test_phase5_atomic_orders_doctor_fee_monthly_reports.TestMonthlyReports" name="test_patient_forbidden" time="0.128" /><testcase classname="backend.tests.test_phase5_atomic_orders_doctor_fee_monthly_reports.TestMonthlyReports" name="test_pharmacy_report_includes_current_month_orders" time="0.347" /><testcase classname="backend.tests.test_phase5_atomic_orders_doctor_fee_monthly_reports.TestSendMonthlyReport" name="test_send_creates_record_and_notification" time="0.526" /><testcase classname="backend.tests.test_phase5_atomic_orders_doctor_fee_monthly_reports.TestSendMonthlyReport" name="test_send_for_doctor_specific_month" time="0.145" /><testcase classname="backend.tests.test_phase5_atomic_orders_doctor_fee_monthly_reports.TestSendMonthlyReport" name="test_send_for_engineer" time="0.115" /><testcase classname="backend.tests.test_phase5_atomic_orders_doctor_fee_monthly_reports.TestSendMonthlyReport" name="test_patient_send_forbidden" time="0.120" /><testcase classname="backend.tests.test_phase5_atomic_orders_doctor_fee_monthly_reports.TestListMyReports" name="test_doctor_reports_listing" time="0.258" /></testsuite></testsuites>