<?xml version="1.0" encoding="utf-8"?><testsuites name="pytest tests"><testsuite name="pytest" errors="0" failures="0" skipped="0" tests="20" time="13.425" timestamp="2026-05-21T21:49:25.369750+00:00" hostname="agent-env-7cad0ce0-cd0c-49e4-8fa5-5441f709cfff"><testcase classname="backend.tests.test_phase6_encryption_anon_reviews_featured_quote" name="test_patient_profile_phi_encrypted_at_rest_and_decrypted_in_response" time="2.150" /><testcase classname="backend.tests.test_phase6_encryption_anon_reviews_featured_quote" name="test_get_profile_returns_decrypted_phi_for_owner" time="0.114" /><testcase classname="backend.tests.test_phase6_encryption_anon_reviews_featured_quote" name="test_get_public_patient_profile_redacts_phi_to_empty" time="0.132" /><testcase classname="backend.tests.test_phase6_encryption_anon_reviews_featured_quote" name="test_profile_update_idempotent_re_encrypt_no_double_wrap" time="0.243" /><testcase classname="backend.tests.test_phase6_encryption_anon_reviews_featured_quote" name="test_chat_messages_encrypted_at_rest" time="7.058" /><testcase classname="backend.tests.test_phase6_encryption_anon_reviews_featured_quote" name="test_chat_get_decrypts_for_owner" time="0.174" /><testcase classname="backend.tests.test_phase6_encryption_anon_reviews_featured_quote" name="test_chat_get_403_for_non_owner" time="0.149" /><testcase classname="backend.tests.test_phase6_encryption_anon_reviews_featured_quote" name="test_review_comment_encrypted_at_rest" time="0.129" /><testcase classname="backend.tests.test_phase6_encryption_anon_reviews_featured_quote" name="test_get_reviews_by_user_decrypts" time="0.125" /><testcase classname="backend.tests.test_phase6_encryption_anon_reviews_featured_quote" name="test_public_reviews_strips_identity_and_anonymizes" time="0.121" /><testcase classname="backend.tests.test_phase6_encryption_anon_reviews_featured_quote" name="test_public_reviews_404_for_unknown_user" time="0.157" /><testcase classname="backend.tests.test_phase6_encryption_anon_reviews_featured_quote" name="test_appointment_notes_encrypted_at_rest_and_updated" time="0.226" /><testcase classname="backend.tests.test_phase6_encryption_anon_reviews_featured_quote" name="test_featured_quote_402_when_not_premium" time="0.237" /><testcase classname="backend.tests.test_phase6_encryption_anon_reviews_featured_quote" name="test_featured_quote_403_for_non_doctor_pharmacy" time="0.127" /><testcase classname="backend.tests.test_phase6_encryption_anon_reviews_featured_quote" name="test_featured_quote_set_succeeds_when_premium" time="0.273" /><testcase classname="backend.tests.test_phase6_encryption_anon_reviews_featured_quote" name="test_featured_quote_404_for_review_not_yours" time="0.425" /><testcase classname="backend.tests.test_phase6_encryption_anon_reviews_featured_quote" name="test_featured_quote_400_for_low_rating" time="0.523" /><testcase classname="backend.tests.test_phase6_encryption_anon_reviews_featured_quote" name="test_public_reviews_includes_featured_quote" time="0.277" /><testcase classname="backend.tests.test_phase6_encryption_anon_reviews_featured_quote" name="test_featured_quote_delete" time="0.237" /><testcase classname="backend.tests.test_phase6_encryption_anon_reviews_featured_quote" name="test_encryption_idempotent_on_no_change_update" time="0.374" /></testsuite></testsuites>