<?xml version="1.0" encoding="utf-8"?><testsuites name="pytest tests"><testsuite name="pytest" errors="0" failures="0" skipped="0" tests="47" time="22.351" timestamp="2026-05-21T19:47:22.635030+00:00" hostname="agent-env-7cad0ce0-cd0c-49e4-8fa5-5441f709cfff"><testcase classname="backend.tests.test_phase3_appointments_medicines_chat_subs_video.TestAppointments" name="test_patient_books_appointment" time="2.448" /><testcase classname="backend.tests.test_phase3_appointments_medicines_chat_subs_video.TestAppointments" name="test_non_patient_cannot_book" time="0.201" /><testcase classname="backend.tests.test_phase3_appointments_medicines_chat_subs_video.TestAppointments" name="test_book_with_unknown_doctor" time="0.201" /><testcase classname="backend.tests.test_phase3_appointments_medicines_chat_subs_video.TestAppointments" name="test_list_my_appointments_patient" time="0.216" /><testcase classname="backend.tests.test_phase3_appointments_medicines_chat_subs_video.TestAppointments" name="test_list_my_appointments_doctor_view" time="0.156" /><testcase classname="backend.tests.test_phase3_appointments_medicines_chat_subs_video.TestAppointments" name="test_doctor_confirms_appointment" time="0.129" /><testcase classname="backend.tests.test_phase3_appointments_medicines_chat_subs_video.TestAppointments" name="test_outsider_cannot_update_appointment" time="0.131" /><testcase classname="backend.tests.test_phase3_appointments_medicines_chat_subs_video.TestAppointments" name="test_booked_slots_includes_pending_confirmed" time="0.136" /><testcase classname="backend.tests.test_phase3_appointments_medicines_chat_subs_video.TestAppointments" name="test_patient_cancels_then_slot_removed" time="0.257" /><testcase classname="backend.tests.test_phase3_appointments_medicines_chat_subs_video.TestAppointments" name="test_update_unknown_appointment_404" time="0.114" /><testcase classname="backend.tests.test_phase3_appointments_medicines_chat_subs_video.TestMedicines" name="test_pharmacy_creates_medicine" time="0.129" /><testcase classname="backend.tests.test_phase3_appointments_medicines_chat_subs_video.TestMedicines" name="test_non_pharmacy_cannot_create" time="0.132" /><testcase classname="backend.tests.test_phase3_appointments_medicines_chat_subs_video.TestMedicines" name="test_search_medicines_public_no_auth" time="0.127" /><testcase classname="backend.tests.test_phase3_appointments_medicines_chat_subs_video.TestMedicines" name="test_search_by_category" time="0.117" /><testcase classname="backend.tests.test_phase3_appointments_medicines_chat_subs_video.TestMedicines" name="test_search_by_pharmacy_id" time="0.155" /><testcase classname="backend.tests.test_phase3_appointments_medicines_chat_subs_video.TestMedicines" name="test_pharmacy_updates_own_medicine" time="0.280" /><testcase classname="backend.tests.test_phase3_appointments_medicines_chat_subs_video.TestMedicines" name="test_non_owner_cannot_update" time="0.904" /><testcase classname="backend.tests.test_phase3_appointments_medicines_chat_subs_video.TestMedicines" name="test_update_unknown_medicine_404" time="0.145" /><testcase classname="backend.tests.test_phase3_appointments_medicines_chat_subs_video.TestMedicines" name="test_pharmacy_deletes_own_medicine" time="0.293" /><testcase classname="backend.tests.test_phase3_appointments_medicines_chat_subs_video.TestAIChat" name="test_start_symptom_chat" time="0.140" /><testcase classname="backend.tests.test_phase3_appointments_medicines_chat_subs_video.TestAIChat" name="test_start_invalid_chat_type" time="0.146" /><testcase classname="backend.tests.test_phase3_appointments_medicines_chat_subs_video.TestAIChat" name="test_start_device_fault_chat" time="0.136" /><testcase classname="backend.tests.test_phase3_appointments_medicines_chat_subs_video.TestAIChat" name="test_send_message_gemini" time="9.886" /><testcase classname="backend.tests.test_phase3_appointments_medicines_chat_subs_video.TestAIChat" name="test_send_to_others_session_forbidden" time="0.177" /><testcase classname="backend.tests.test_phase3_appointments_medicines_chat_subs_video.TestAIChat" name="test_send_to_unknown_session_404" time="0.135" /><testcase classname="backend.tests.test_phase3_appointments_medicines_chat_subs_video.TestAIChat" name="test_message_too_long_400" time="0.142" /><testcase classname="backend.tests.test_phase3_appointments_medicines_chat_subs_video.TestAIChat" name="test_list_my_chats" time="0.143" /><testcase classname="backend.tests.test_phase3_appointments_medicines_chat_subs_video.TestAIChat" name="test_get_full_chat" time="0.129" /><testcase classname="backend.tests.test_phase3_appointments_medicines_chat_subs_video.TestAIChat" name="test_get_others_chat_forbidden" time="0.145" /><testcase classname="backend.tests.test_phase3_appointments_medicines_chat_subs_video.TestSubscriptions" name="test_get_plans_public" time="0.125" /><testcase classname="backend.tests.test_phase3_appointments_medicines_chat_subs_video.TestSubscriptions" name="test_patient_cannot_subscribe" time="0.136" /><testcase classname="backend.tests.test_phase3_appointments_medicines_chat_subs_video.TestSubscriptions" name="test_invalid_plan_400" time="0.140" /><testcase classname="backend.tests.test_phase3_appointments_medicines_chat_subs_video.TestSubscriptions" name="test_pharmacy_subscribes_and_gets_badges" time="0.281" /><testcase classname="backend.tests.test_phase3_appointments_medicines_chat_subs_video.TestSubscriptions" name="test_my_subscription" time="0.127" /><testcase classname="backend.tests.test_phase3_appointments_medicines_chat_subs_video.TestSubscriptions" name="test_default_card_last4" time="0.128" /><testcase classname="backend.tests.test_phase3_appointments_medicines_chat_subs_video.TestSubscriptions" name="test_cancel_removes_badges" time="0.356" /><testcase classname="backend.tests.test_phase3_appointments_medicines_chat_subs_video.TestVideoRooms" name="test_doctor_creates_room" time="0.112" /><testcase classname="backend.tests.test_phase3_appointments_medicines_chat_subs_video.TestVideoRooms" name="test_patient_joins_room" time="0.123" /><testcase classname="backend.tests.test_phase3_appointments_medicines_chat_subs_video.TestVideoRooms" name="test_signal_exchange" time="0.726" /><testcase classname="backend.tests.test_phase3_appointments_medicines_chat_subs_video.TestVideoRooms" name="test_non_participant_cannot_signal" time="0.131" /><testcase classname="backend.tests.test_phase3_appointments_medicines_chat_subs_video.TestVideoRooms" name="test_non_host_cannot_close" time="0.188" /><testcase classname="backend.tests.test_phase3_appointments_medicines_chat_subs_video.TestVideoRooms" name="test_host_closes_room" time="0.265" /><testcase classname="backend.tests.test_phase3_appointments_medicines_chat_subs_video.TestVideoRooms" name="test_room_linked_to_appointment" time="0.390" /><testcase classname="backend.tests.test_phase3_appointments_medicines_chat_subs_video.TestVideoRooms" name="test_unknown_room_404" time="0.127" /><testcase classname="backend.tests.test_phase3_appointments_medicines_chat_subs_video.TestPharmaciesAll" name="test_list_all_pharmacies" time="0.255" /><testcase classname="backend.tests.test_phase3_appointments_medicines_chat_subs_video.TestPharmaciesAll" name="test_only_featured_filter" time="0.632" /><testcase classname="backend.tests.test_phase3_appointments_medicines_chat_subs_video.TestPharmaciesAll" name="test_only_24_7_filter" time="0.517" /></testsuite></testsuites>