<?xml version="1.0" encoding="utf-8"?><testsuites name="pytest tests"><testsuite name="pytest" errors="0" failures="0" skipped="0" tests="48" time="10.822" timestamp="2026-05-21T20:06:36.012779+00:00" hostname="agent-env-7cad0ce0-cd0c-49e4-8fa5-5441f709cfff"><testcase classname="backend.tests.test_phase4_files_schedule_orders_notif_commission.TestFileUpload" name="test_upload_profile_picture" time="2.625" /><testcase classname="backend.tests.test_phase4_files_schedule_orders_notif_commission.TestFileUpload" name="test_profile_picture_set_on_user" time="0.213" /><testcase classname="backend.tests.test_phase4_files_schedule_orders_notif_commission.TestFileUpload" name="test_upload_prescription" time="0.350" /><testcase classname="backend.tests.test_phase4_files_schedule_orders_notif_commission.TestFileUpload" name="test_upload_rejects_unsupported_type" time="0.181" /><testcase classname="backend.tests.test_phase4_files_schedule_orders_notif_commission.TestFileUpload" name="test_upload_requires_auth" time="0.165" /><testcase classname="backend.tests.test_phase4_files_schedule_orders_notif_commission.TestFileUpload" name="test_download_with_bearer_header" time="0.282" /><testcase classname="backend.tests.test_phase4_files_schedule_orders_notif_commission.TestFileUpload" name="test_download_with_query_auth_param" time="0.227" /><testcase classname="backend.tests.test_phase4_files_schedule_orders_notif_commission.TestFileUpload" name="test_download_without_auth_rejected" time="0.120" /><testcase classname="backend.tests.test_phase4_files_schedule_orders_notif_commission.TestFileUpload" name="test_download_invalid_token_rejected" time="0.122" /><testcase classname="backend.tests.test_phase4_files_schedule_orders_notif_commission.TestFileUpload" name="test_download_nonexistent_file_returns_404" time="0.125" /><testcase classname="backend.tests.test_phase4_files_schedule_orders_notif_commission.TestFileUpload" name="test_delete_non_owner_forbidden" time="0.136" /><testcase classname="backend.tests.test_phase4_files_schedule_orders_notif_commission.TestFileUpload" name="test_delete_by_owner_soft_deletes" time="0.539" /><testcase classname="backend.tests.test_phase4_files_schedule_orders_notif_commission.TestSchedule" name="test_doctor_sets_weekly_schedule" time="0.165" /><testcase classname="backend.tests.test_phase4_files_schedule_orders_notif_commission.TestSchedule" name="test_get_my_schedule" time="0.117" /><testcase classname="backend.tests.test_phase4_files_schedule_orders_notif_commission.TestSchedule" name="test_get_public_schedule_by_doctor_id" time="0.135" /><testcase classname="backend.tests.test_phase4_files_schedule_orders_notif_commission.TestSchedule" name="test_non_doctor_cannot_set_schedule" time="0.130" /><testcase classname="backend.tests.test_phase4_files_schedule_orders_notif_commission.TestSchedule" name="test_get_schedule_for_nonexistent_doctor_returns_empty" time="0.151" /><testcase classname="backend.tests.test_phase4_files_schedule_orders_notif_commission.TestSchedule" name="test_update_schedule_overwrites" time="0.218" /><testcase classname="backend.tests.test_phase4_files_schedule_orders_notif_commission.TestOrders" name="test_setup_create_medicine" time="0.300" /><testcase classname="backend.tests.test_phase4_files_schedule_orders_notif_commission.TestOrders" name="test_patient_creates_order_with_commission" time="0.142" /><testcase classname="backend.tests.test_phase4_files_schedule_orders_notif_commission.TestOrders" name="test_stock_decremented_after_order" time="0.149" /><testcase classname="backend.tests.test_phase4_files_schedule_orders_notif_commission.TestOrders" name="test_order_without_required_prescription_fails" time="0.124" /><testcase classname="backend.tests.test_phase4_files_schedule_orders_notif_commission.TestOrders" name="test_order_with_valid_prescription_succeeds" time="0.115" /><testcase classname="backend.tests.test_phase4_files_schedule_orders_notif_commission.TestOrders" name="test_order_with_someone_elses_prescription_fails" time="0.371" /><testcase classname="backend.tests.test_phase4_files_schedule_orders_notif_commission.TestOrders" name="test_order_insufficient_stock_fails" time="0.127" /><testcase classname="backend.tests.test_phase4_files_schedule_orders_notif_commission.TestOrders" name="test_non_patient_cannot_order" time="0.135" /><testcase classname="backend.tests.test_phase4_files_schedule_orders_notif_commission.TestOrders" name="test_list_orders_as_patient" time="0.130" /><testcase classname="backend.tests.test_phase4_files_schedule_orders_notif_commission.TestOrders" name="test_list_orders_as_pharmacy" time="0.139" /><testcase classname="backend.tests.test_phase4_files_schedule_orders_notif_commission.TestOrders" name="test_pharmacy_confirms_order" time="0.130" /><testcase classname="backend.tests.test_phase4_files_schedule_orders_notif_commission.TestOrders" name="test_pharmacy_ships_then_delivers" time="0.244" /><testcase classname="backend.tests.test_phase4_files_schedule_orders_notif_commission.TestOrders" name="test_patient_can_only_cancel_not_confirm" time="0.120" /><testcase classname="backend.tests.test_phase4_files_schedule_orders_notif_commission.TestOrders" name="test_patient_cancels_order" time="0.129" /><testcase classname="backend.tests.test_phase4_files_schedule_orders_notif_commission.TestOrders" name="test_unrelated_user_cannot_update_order" time="0.133" /><testcase classname="backend.tests.test_phase4_files_schedule_orders_notif_commission.TestNotifications" name="test_pharmacy_received_new_order_notification" time="0.138" /><testcase classname="backend.tests.test_phase4_files_schedule_orders_notif_commission.TestNotifications" name="test_only_unread_filter" time="0.148" /><testcase classname="backend.tests.test_phase4_files_schedule_orders_notif_commission.TestNotifications" name="test_since_filter" time="0.119" /><testcase classname="backend.tests.test_phase4_files_schedule_orders_notif_commission.TestNotifications" name="test_patient_got_order_update_notifications" time="0.130" /><testcase classname="backend.tests.test_phase4_files_schedule_orders_notif_commission.TestNotifications" name="test_mark_single_read" time="0.238" /><testcase classname="backend.tests.test_phase4_files_schedule_orders_notif_commission.TestNotifications" name="test_mark_read_nonexistent" time="0.142" /><testcase classname="backend.tests.test_phase4_files_schedule_orders_notif_commission.TestNotifications" name="test_mark_all_read" time="0.246" /><testcase classname="backend.tests.test_phase4_files_schedule_orders_notif_commission.TestNotifications" name="test_user_only_sees_own_notifications" time="0.114" /><testcase classname="backend.tests.test_phase4_files_schedule_orders_notif_commission.TestCommissionSummary" name="test_pharmacy_commission_summary" time="0.127" /><testcase classname="backend.tests.test_phase4_files_schedule_orders_notif_commission.TestCommissionSummary" name="test_cancelled_orders_excluded_from_gmv" time="0.131" /><testcase classname="backend.tests.test_phase4_files_schedule_orders_notif_commission.TestCommissionSummary" name="test_doctor_commission_summary" time="0.127" /><testcase classname="backend.tests.test_phase4_files_schedule_orders_notif_commission.TestCommissionSummary" name="test_engineer_commission_returns_zero" time="0.150" /><testcase classname="backend.tests.test_phase4_files_schedule_orders_notif_commission.TestCommissionSummary" name="test_patient_cannot_view_commission" time="0.118" /><testcase classname="backend.tests.test_phase4_files_schedule_orders_notif_commission.TestRegression" name="test_auth_me" time="0.154" /><testcase classname="backend.tests.test_phase4_files_schedule_orders_notif_commission.TestRegression" name="test_medicines_listing" time="0.120" /></testsuite></testsuites>