<?xml version="1.0" encoding="utf-8"?><testsuites name="pytest tests"><testsuite name="pytest" errors="0" failures="0" skipped="0" tests="32" time="6.741" timestamp="2026-05-21T19:21:21.577802+00:00" hostname="agent-env-7cad0ce0-cd0c-49e4-8fa5-5441f709cfff"><testcase classname="backend.tests.test_phase2_profile_location_reviews" name="test_pharmacy_user_type_accepted" time="2.028" /><testcase classname="backend.tests.test_phase2_profile_location_reviews" name="test_auth_me_still_works" time="0.128" /><testcase classname="backend.tests.test_phase2_profile_location_reviews" name="test_get_profile" time="0.149" /><testcase classname="backend.tests.test_phase2_profile_location_reviews" name="test_update_profile_doctor" time="0.251" /><testcase classname="backend.tests.test_phase2_profile_location_reviews" name="test_update_profile_patient" time="0.117" /><testcase classname="backend.tests.test_phase2_profile_location_reviews" name="test_update_profile_pharmacy" time="0.117" /><testcase classname="backend.tests.test_phase2_profile_location_reviews" name="test_update_profile_engineer" time="0.146" /><testcase classname="backend.tests.test_phase2_profile_location_reviews" name="test_get_public_profile_excludes_email" time="0.130" /><testcase classname="backend.tests.test_phase2_profile_location_reviews" name="test_get_public_profile_not_found" time="0.130" /><testcase classname="backend.tests.test_phase2_profile_location_reviews" name="test_profile_requires_auth" time="0.096" /><testcase classname="backend.tests.test_phase2_profile_location_reviews" name="test_update_locations" time="0.486" /><testcase classname="backend.tests.test_phase2_profile_location_reviews" name="test_get_my_location" time="0.131" /><testcase classname="backend.tests.test_phase2_profile_location_reviews" name="test_nearby_doctors" time="0.167" /><testcase classname="backend.tests.test_phase2_profile_location_reviews" name="test_nearby_pharmacy" time="0.113" /><testcase classname="backend.tests.test_phase2_profile_location_reviews" name="test_nearby_zero_radius_filters_out" time="0.125" /><testcase classname="backend.tests.test_phase2_profile_location_reviews" name="test_create_review_patient_to_doctor" time="0.138" /><testcase classname="backend.tests.test_phase2_profile_location_reviews" name="test_create_review_patient_to_pharmacy" time="0.184" /><testcase classname="backend.tests.test_phase2_profile_location_reviews" name="test_create_review_doctor_to_engineer" time="0.140" /><testcase classname="backend.tests.test_phase2_profile_location_reviews" name="test_create_review_pharmacy_to_engineer" time="0.113" /><testcase classname="backend.tests.test_phase2_profile_location_reviews" name="test_review_forbidden_doctor_to_patient" time="0.101" /><testcase classname="backend.tests.test_phase2_profile_location_reviews" name="test_review_forbidden_patient_to_engineer" time="0.129" /><testcase classname="backend.tests.test_phase2_profile_location_reviews" name="test_review_forbidden_engineer_to_anyone" time="0.165" /><testcase classname="backend.tests.test_phase2_profile_location_reviews" name="test_review_cannot_review_self" time="0.115" /><testcase classname="backend.tests.test_phase2_profile_location_reviews" name="test_review_invalid_rating_low" time="0.136" /><testcase classname="backend.tests.test_phase2_profile_location_reviews" name="test_review_invalid_rating_high" time="0.123" /><testcase classname="backend.tests.test_phase2_profile_location_reviews" name="test_review_reviewee_not_found" time="0.142" /><testcase classname="backend.tests.test_phase2_profile_location_reviews" name="test_get_user_reviews_aggregates" time="0.145" /><testcase classname="backend.tests.test_phase2_profile_location_reviews" name="test_get_my_reviews" time="0.106" /><testcase classname="backend.tests.test_phase2_profile_location_reviews" name="test_delete_review_forbidden_for_non_author" time="0.108" /><testcase classname="backend.tests.test_phase2_profile_location_reviews" name="test_delete_review_by_author" time="0.235" /><testcase classname="backend.tests.test_phase2_profile_location_reviews" name="test_delete_review_not_found" time="0.109" /><testcase classname="backend.tests.test_phase2_profile_location_reviews" name="test_reviews_require_auth" time="0.129" /></testsuite></testsuites>