<?xml version="1.0" encoding="utf-8"?><testsuites name="pytest tests"><testsuite name="pytest" errors="0" failures="0" skipped="0" tests="20" time="7.887" timestamp="2026-05-21T19:01:22.525029+00:00" hostname="agent-env-7cad0ce0-cd0c-49e4-8fa5-5441f709cfff"><testcase classname="backend.tests.test_auth_and_translate" name="test_root" time="0.423" /><testcase classname="backend.tests.test_auth_and_translate" name="test_register_or_already_exists[user0]" time="0.081" /><testcase classname="backend.tests.test_auth_and_translate" name="test_register_or_already_exists[user1]" time="0.084" /><testcase classname="backend.tests.test_auth_and_translate" name="test_register_or_already_exists[user2]" time="0.077" /><testcase classname="backend.tests.test_auth_and_translate" name="test_register_or_already_exists[user3]" time="0.093" /><testcase classname="backend.tests.test_auth_and_translate" name="test_register_duplicate" time="0.088" /><testcase classname="backend.tests.test_auth_and_translate" name="test_register_invalid_email" time="0.080" /><testcase classname="backend.tests.test_auth_and_translate" name="test_login_success[user0]" time="0.326" /><testcase classname="backend.tests.test_auth_and_translate" name="test_login_success[user1]" time="0.299" /><testcase classname="backend.tests.test_auth_and_translate" name="test_login_success[user2]" time="0.297" /><testcase classname="backend.tests.test_auth_and_translate" name="test_login_success[user3]" time="0.306" /><testcase classname="backend.tests.test_auth_and_translate" name="test_login_invalid_password" time="0.298" /><testcase classname="backend.tests.test_auth_and_translate" name="test_login_nonexistent" time="0.075" /><testcase classname="backend.tests.test_auth_and_translate" name="test_me_with_bearer" time="0.428" /><testcase classname="backend.tests.test_auth_and_translate" name="test_me_no_auth" time="0.153" /><testcase classname="backend.tests.test_auth_and_translate" name="test_me_invalid_token" time="0.135" /><testcase classname="backend.tests.test_auth_and_translate" name="test_logout" time="0.126" /><testcase classname="backend.tests.test_auth_and_translate" name="test_translate_requires_auth" time="0.130" /><testcase classname="backend.tests.test_auth_and_translate" name="test_translate_success" time="3.998" /><testcase classname="backend.tests.test_auth_and_translate" name="test_google_session_invalid" time="0.320" /></testsuite></testsuites>